Showed all student grades grades.txt
Added student grade odev demosu BB grades.txt
Searched student grade odev demosu grades.txt
Showed all student grades grades.txt
Added student grade odev demosu BA grades.txt
Searched student grade odev demosu grades.txt
Showed all student grades grades.txt
Added student grade odev demosu BA grades.txt
Searched student grade odev demosu grades.txt
Sorted student grades grades.txt 0
Sorted student grades grades.txt 3
Listed first 5 student grades grades.txt
Listed student grades in the given range grades.txt 3 1
Listed student grades in the given range grades.txt 3 3
Listed student grades in the given range grades.txt 5 2
Showed all student grades grades.txt
Exiting
Added student grade dayi deme aa grade.txt
Sorted student grades grade.txt 0
Sorted student grades grades.txt 0
Exiting
