2023-05-02 08:00:00 DEBUG Starting unit tests
2023-05-02 08:00:01 DEBUG Initializing test environment
2023-05-02 08:00:02 DEBUG Running test 1: Authentication
2023-05-02 08:00:03 PASS Test 1 completed successfully
2023-05-02 08:00:04 DEBUG Running test 2: Database connection
2023-05-02 08:00:05 FAIL Test 2 failed: Connection timeout
2023-05-02 08:00:06 DEBUG Retrying test 2
2023-05-02 08:00:07 FAIL Test 2 failed again: Connection refused
2023-05-02 08:00:08 DEBUG Running test 3: Data retrieval
2023-05-02 08:00:09 PASS Test 3 completed successfully
2023-05-02 08:00:10 DEBUG Running test 4: Data insertion
2023-05-02 08:00:11 PASS Test 4 completed successfully
2023-05-02 08:00:12 DEBUG Running test 5: User permissions
2023-05-02 08:00:13 FAIL Test 5 failed: Permission denied
2023-05-02 08:00:14 DEBUG Retrying test 5 with elevated privileges
2023-05-02 08:00:15 PASS Test 5 completed successfully
2023-05-02 08:00:16 DEBUG Running test 6: API endpoints
2023-05-02 08:00:17 PASS Test 6 completed successfully
2023-05-02 08:00:18 DEBUG Running test 7: Error handling
2023-05-02 08:00:19 FAIL Test 7 failed: Unexpected exception
2023-05-02 08:00:20 DEBUG Test suite completed 