2023-05-01 12:00:00 INFO Starting application
2023-05-01 12:00:01 INFO Loading configuration
2023-05-01 12:00:02 DEBUG Initializing database connection
2023-05-01 12:00:03 ERROR Failed to connect to database
2023-05-01 12:00:04 INFO Retrying database connection
2023-05-01 12:00:05 DEBUG Attempting connection to backup server
2023-05-01 12:00:06 INFO Connected to backup server
2023-05-01 12:00:07 DEBUG Loading user data
2023-05-01 12:00:08 ERROR Failed to load user profile
2023-05-01 12:00:09 WARNING User data may be incomplete
2023-05-01 12:00:10 INFO Application started in fallback mode
2023-05-01 12:00:11 DEBUG Processing incoming requests
2023-05-01 12:00:12 ERROR Request timeout
2023-05-01 12:00:13 INFO Reconnecting to primary database
2023-05-01 12:00:14 INFO Successfully connected to primary database
2023-05-01 12:00:15 DEBUG Migrating from backup to primary
2023-05-01 12:00:16 WARNING Some data may be lost during migration
2023-05-01 12:00:17 ERROR Data migration failed
2023-05-01 12:00:18 INFO Falling back to backup server
2023-05-01 12:00:19 DEBUG Resuming normal operation
2023-05-01 12:00:20 INFO Service fully operational 