2025-05-10 08:00:10 DEBUG: Application startup
2025-05-10 08:01:22 INFO: Loading configuration from config.json
2025-05-10 08:01:25 WARNING: Some configuration values missing, using defaults
2025-05-10 08:02:30 DEBUG: Starting service discovery
2025-05-10 08:03:15 INFO: Connected to service registry
2025-05-10 08:04:10 DEBUG: Initializing database connection pool
2025-05-10 08:04:45 ERROR: Database connection FAIL: Connection refused
2025-05-10 08:05:10 INFO: Retry database connection in 5 seconds
2025-05-10 08:05:15 DEBUG: Attempting database connection retry #1
2025-05-10 08:05:20 INFO: Database connection successful
2025-05-10 08:06:30 DEBUG: Loading user cache
2025-05-10 08:07:45 INFO: Cache initialized with 1024 entries
2025-05-10 08:08:10 DEBUG: Setting up authentication middleware
2025-05-10 08:09:22 INFO: API endpoints registered
2025-05-10 08:10:05 DEBUG: Starting health check service
2025-05-10 08:11:17 WARNING: Memory usage above threshold (80%)
2025-05-10 08:12:30 DEBUG: Garbage collection triggered
2025-05-10 08:13:45 INFO: Memory reclaimed: 245MB
2025-05-10 08:14:10 DEBUG: Processing incoming request: GET /api/users
2025-05-10 08:14:12 FAIL: Invalid token in request
2025-05-10 08:15:30 DEBUG: Request rejected: unauthorized
2025-05-10 08:16:45 INFO: User attempted login: admin
2025-05-10 08:16:48 DEBUG: Password validation
2025-05-10 08:16:50 INFO: User login successful: admin
2025-05-10 08:17:22 DEBUG: Session created: session_id=abc123
2025-05-10 08:18:10 INFO: Processing query: SELECT * FROM users
2025-05-10 08:18:15 FAIL: SQL syntax error in query
2025-05-10 08:19:30 DEBUG: Error reported to monitoring system
2025-05-10 08:20:45 INFO: System is stable
